2025-12-05T00:00:05.755-03:00  INFO [buy-zone-api,,] 21260 --- [buy-zone-api] [main] c.s.buy_zone_api.BuyZoneApiApplication   : Starting BuyZoneApiApplication v1.0.0 using Java 25.0.1 with PID 21260 (C:\IdeaProjects\buy-zone-api\buy-zone-api\build\classes\java\main started by frank in C:\IdeaProjects\buy-zone-api\buy-zone-api)
2025-12-05T00:00:05.774-03:00  INFO [buy-zone-api,,] 21260 --- [buy-zone-api] [main] c.s.buy_zone_api.BuyZoneApiApplication   : The following 1 profile is active: "dev"
2025-12-05T00:00:06.834-03:00  INFO [buy-zone-api,,] 21260 --- [buy-zone-api] [main] .s.d.r.c.RepositoryConfigurationDelegate : Bootstrapping Spring Data JPA repositories in DEFAULT mode.
2025-12-05T00:00:06.920-03:00  INFO [buy-zone-api,,] 21260 --- [buy-zone-api] [main] .s.d.r.c.RepositoryConfigurationDelegate : Finished Spring Data repository scanning in 77 ms. Found 12 JPA repository interfaces.
2025-12-05T00:00:07.215-03:00  INFO [buy-zone-api,,] 21260 --- [buy-zone-api] [main] o.s.cloud.context.scope.GenericScope     : BeanFactory id=06e921e2-8b32-372d-8c5e-2f306299a6fb
2025-12-05T00:00:07.826-03:00  INFO [buy-zone-api,,] 21260 --- [buy-zone-api] [main] o.s.boot.tomcat.TomcatWebServer          : Tomcat initialized with port 8087 (http)
2025-12-05T00:00:07.855-03:00  INFO [buy-zone-api,,] 21260 --- [buy-zone-api] [main] o.apache.catalina.core.StandardService   : Starting service [Tomcat]
2025-12-05T00:00:07.855-03:00  INFO [buy-zone-api,,] 21260 --- [buy-zone-api] [main] o.apache.catalina.core.StandardEngine    : Starting Servlet engine: [Apache Tomcat/11.0.14]
2025-12-05T00:00:07.924-03:00  INFO [buy-zone-api,,] 21260 --- [buy-zone-api] [main] b.w.c.s.WebApplicationContextInitializer : Root WebApplicationContext: initialization completed in 2085 ms
2025-12-05T00:00:08.227-03:00  INFO [buy-zone-api,,] 21260 --- [buy-zone-api] [main] o.hibernate.jpa.internal.util.LogHelper  : HHH000204: Processing PersistenceUnitInfo [name: default]
2025-12-05T00:00:08.272-03:00  INFO [buy-zone-api,,] 21260 --- [buy-zone-api] [main] org.hibernate.Version                    : HHH000412: Hibernate ORM core version 7.1.8.Final
2025-12-05T00:00:08.667-03:00  INFO [buy-zone-api,,] 21260 --- [buy-zone-api] [main] o.s.o.j.p.SpringPersistenceUnitInfo      : No LoadTimeWeaver setup: ignoring JPA class transformer
2025-12-05T00:00:08.698-03:00  INFO [buy-zone-api,,] 21260 --- [buy-zone-api] [main] com.zaxxer.hikari.HikariDataSource       : HikariPool-1 - Starting...
2025-12-05T00:00:08.810-03:00  INFO [buy-zone-api,,] 21260 --- [buy-zone-api] [main] com.zaxxer.hikari.pool.HikariPool        : HikariPool-1 - Added connection org.postgresql.jdbc.PgConnection@40dc2ade
2025-12-05T00:00:08.811-03:00  INFO [buy-zone-api,,] 21260 --- [buy-zone-api] [main] com.zaxxer.hikari.HikariDataSource       : HikariPool-1 - Start completed.
2025-12-05T00:00:08.838-03:00  WARN [buy-zone-api,,] 21260 --- [buy-zone-api] [main] org.hibernate.orm.deprecation            : HHH90000025: PostgreSQLDialect does not need to be specified explicitly using 'hibernate.dialect' (remove the property setting and it will be selected by default)
2025-12-05T00:00:08.859-03:00  INFO [buy-zone-api,,] 21260 --- [buy-zone-api] [main] org.hibernate.orm.connections.pooling    : HHH10001005: Database info:
	Database JDBC URL [jdbc:postgresql://localhost:5439/buy-zone-db]
	Database driver: PostgreSQL JDBC Driver
	Database dialect: PostgreSQLDialect
	Database version: 18.0
	Default catalog/schema: buy-zone-db/public
	Autocommit mode: undefined/unknown
	Isolation level: READ_COMMITTED [default READ_COMMITTED]
	JDBC fetch size: none
	Pool: DatasourceConnectionProviderImpl
	Minimum pool size: undefined/unknown
	Maximum pool size: undefined/unknown
2025-12-05T00:00:09.317-03:00  WARN [buy-zone-api,,] 21260 --- [buy-zone-api] [main] org.hibernate.mapping.RootClass          : HHH000038: Composite id class does not override equals(): com.sysout.buy_zone_api.models.entities.OrderItemPK
2025-12-05T00:00:10.102-03:00  INFO [buy-zone-api,,] 21260 --- [buy-zone-api] [main] o.h.e.t.j.p.i.JtaPlatformInitiator       : HHH000489: No JTA platform available (set 'hibernate.transaction.jta.platform' to enable JTA platform integration)
2025-12-05T00:00:10.374-03:00  INFO [buy-zone-api,,] 21260 --- [buy-zone-api] [main] j.LocalContainerEntityManagerFactoryBean : Initialized JPA EntityManagerFactory for persistence unit 'default'
2025-12-05T00:00:10.489-03:00  INFO [buy-zone-api,,] 21260 --- [buy-zone-api] [main] o.s.d.j.r.query.QueryEnhancerFactories   : Hibernate is in classpath; If applicable, HQL parser will be used.
2025-12-05T00:00:11.543-03:00  WARN [buy-zone-api,,] 21260 --- [buy-zone-api] [main] JpaBaseConfiguration$JpaWebConfiguration : spring.jpa.open-in-view is enabled by default. Therefore, database queries may be performed during view rendering. Explicitly configure spring.jpa.open-in-view to disable this warning
2025-12-05T00:00:11.893-03:00  INFO [buy-zone-api,,] 21260 --- [buy-zone-api] [main] r$InitializeUserDetailsManagerConfigurer : Global AuthenticationManager configured with UserDetailsService bean with name userService
2025-12-05T00:00:13.951-03:00  INFO [buy-zone-api,,] 21260 --- [buy-zone-api] [main] o.s.b.a.e.web.EndpointLinksResolver      : Exposing 5 endpoints beneath base path '/actuator'
2025-12-05T00:00:14.046-03:00  INFO [buy-zone-api,,] 21260 --- [buy-zone-api] [main] o.s.boot.tomcat.TomcatWebServer          : Tomcat started on port 8087 (http) with context path '/'
2025-12-05T00:00:14.062-03:00  INFO [buy-zone-api,,] 21260 --- [buy-zone-api] [main] c.s.buy_zone_api.BuyZoneApiApplication   : Started BuyZoneApiApplication in 8.807 seconds (process running for 9.499)
2025-12-05T00:01:20.272-03:00  INFO [buy-zone-api,,] 21740 --- [buy-zone-api] [main] c.s.buy_zone_api.BuyZoneApiApplication   : Starting BuyZoneApiApplication v1.0.0 using Java 25.0.1 with PID 21740 (C:\IdeaProjects\buy-zone-api\buy-zone-api\build\classes\java\main started by frank in C:\IdeaProjects\buy-zone-api\buy-zone-api)
2025-12-05T00:01:20.275-03:00  INFO [buy-zone-api,,] 21740 --- [buy-zone-api] [main] c.s.buy_zone_api.BuyZoneApiApplication   : The following 1 profile is active: "dev"
2025-12-05T00:01:21.511-03:00  INFO [buy-zone-api,,] 21740 --- [buy-zone-api] [main] .s.d.r.c.RepositoryConfigurationDelegate : Bootstrapping Spring Data JPA repositories in DEFAULT mode.
2025-12-05T00:01:21.626-03:00  INFO [buy-zone-api,,] 21740 --- [buy-zone-api] [main] .s.d.r.c.RepositoryConfigurationDelegate : Finished Spring Data repository scanning in 104 ms. Found 12 JPA repository interfaces.
2025-12-05T00:01:22.006-03:00  INFO [buy-zone-api,,] 21740 --- [buy-zone-api] [main] o.s.cloud.context.scope.GenericScope     : BeanFactory id=06e921e2-8b32-372d-8c5e-2f306299a6fb
2025-12-05T00:01:22.651-03:00  INFO [buy-zone-api,,] 21740 --- [buy-zone-api] [main] o.s.boot.tomcat.TomcatWebServer          : Tomcat initialized with port 8087 (http)
2025-12-05T00:01:22.666-03:00  INFO [buy-zone-api,,] 21740 --- [buy-zone-api] [main] o.apache.catalina.core.StandardService   : Starting service [Tomcat]
2025-12-05T00:01:22.667-03:00  INFO [buy-zone-api,,] 21740 --- [buy-zone-api] [main] o.apache.catalina.core.StandardEngine    : Starting Servlet engine: [Apache Tomcat/11.0.14]
2025-12-05T00:01:22.736-03:00  INFO [buy-zone-api,,] 21740 --- [buy-zone-api] [main] b.w.c.s.WebApplicationContextInitializer : Root WebApplicationContext: initialization completed in 2410 ms
2025-12-05T00:01:23.047-03:00  INFO [buy-zone-api,,] 21740 --- [buy-zone-api] [main] o.hibernate.jpa.internal.util.LogHelper  : HHH000204: Processing PersistenceUnitInfo [name: default]
2025-12-05T00:01:23.089-03:00  INFO [buy-zone-api,,] 21740 --- [buy-zone-api] [main] org.hibernate.Version                    : HHH000412: Hibernate ORM core version 7.1.8.Final
2025-12-05T00:01:23.485-03:00  INFO [buy-zone-api,,] 21740 --- [buy-zone-api] [main] o.s.o.j.p.SpringPersistenceUnitInfo      : No LoadTimeWeaver setup: ignoring JPA class transformer
2025-12-05T00:01:23.515-03:00  INFO [buy-zone-api,,] 21740 --- [buy-zone-api] [main] com.zaxxer.hikari.HikariDataSource       : HikariPool-1 - Starting...
2025-12-05T00:01:23.627-03:00  INFO [buy-zone-api,,] 21740 --- [buy-zone-api] [main] com.zaxxer.hikari.pool.HikariPool        : HikariPool-1 - Added connection org.postgresql.jdbc.PgConnection@51d76ad3
2025-12-05T00:01:23.629-03:00  INFO [buy-zone-api,,] 21740 --- [buy-zone-api] [main] com.zaxxer.hikari.HikariDataSource       : HikariPool-1 - Start completed.
2025-12-05T00:01:23.653-03:00  WARN [buy-zone-api,,] 21740 --- [buy-zone-api] [main] org.hibernate.orm.deprecation            : HHH90000025: PostgreSQLDialect does not need to be specified explicitly using 'hibernate.dialect' (remove the property setting and it will be selected by default)
2025-12-05T00:01:23.675-03:00  INFO [buy-zone-api,,] 21740 --- [buy-zone-api] [main] org.hibernate.orm.connections.pooling    : HHH10001005: Database info:
	Database JDBC URL [jdbc:postgresql://localhost:5439/buy-zone-db]
	Database driver: PostgreSQL JDBC Driver
	Database dialect: PostgreSQLDialect
	Database version: 18.0
	Default catalog/schema: buy-zone-db/public
	Autocommit mode: undefined/unknown
	Isolation level: READ_COMMITTED [default READ_COMMITTED]
	JDBC fetch size: none
	Pool: DatasourceConnectionProviderImpl
	Minimum pool size: undefined/unknown
	Maximum pool size: undefined/unknown
2025-12-05T00:01:24.141-03:00  WARN [buy-zone-api,,] 21740 --- [buy-zone-api] [main] org.hibernate.mapping.RootClass          : HHH000038: Composite id class does not override equals(): com.sysout.buy_zone_api.models.entities.OrderItemPK
2025-12-05T00:01:24.910-03:00  INFO [buy-zone-api,,] 21740 --- [buy-zone-api] [main] o.h.e.t.j.p.i.JtaPlatformInitiator       : HHH000489: No JTA platform available (set 'hibernate.transaction.jta.platform' to enable JTA platform integration)
2025-12-05T00:01:25.149-03:00  INFO [buy-zone-api,,] 21740 --- [buy-zone-api] [main] j.LocalContainerEntityManagerFactoryBean : Initialized JPA EntityManagerFactory for persistence unit 'default'
2025-12-05T00:01:25.243-03:00  INFO [buy-zone-api,,] 21740 --- [buy-zone-api] [main] o.s.d.j.r.query.QueryEnhancerFactories   : Hibernate is in classpath; If applicable, HQL parser will be used.
2025-12-05T00:01:26.175-03:00  WARN [buy-zone-api,,] 21740 --- [buy-zone-api] [main] JpaBaseConfiguration$JpaWebConfiguration : spring.jpa.open-in-view is enabled by default. Therefore, database queries may be performed during view rendering. Explicitly configure spring.jpa.open-in-view to disable this warning
2025-12-05T00:01:26.484-03:00  INFO [buy-zone-api,,] 21740 --- [buy-zone-api] [main] r$InitializeUserDetailsManagerConfigurer : Global AuthenticationManager configured with UserDetailsService bean with name userService
2025-12-05T00:01:29.466-03:00  INFO [buy-zone-api,,] 21740 --- [buy-zone-api] [main] o.s.b.a.e.web.EndpointLinksResolver      : Exposing 5 endpoints beneath base path '/actuator'
2025-12-05T00:01:29.551-03:00  INFO [buy-zone-api,,] 21740 --- [buy-zone-api] [main] o.s.boot.tomcat.TomcatWebServer          : Tomcat started on port 8087 (http) with context path '/'
2025-12-05T00:01:29.569-03:00  INFO [buy-zone-api,,] 21740 --- [buy-zone-api] [main] c.s.buy_zone_api.BuyZoneApiApplication   : Started BuyZoneApiApplication in 9.794 seconds (process running for 10.465)
2025-12-05T00:02:32.286-03:00  INFO [buy-zone-api,,] 21740 --- [buy-zone-api] [http-nio-8087-exec-1] o.a.c.c.C.[Tomcat].[localhost].[/]       : Initializing Spring DispatcherServlet 'dispatcherServlet'
2025-12-05T00:02:32.287-03:00  INFO [buy-zone-api,,] 21740 --- [buy-zone-api] [http-nio-8087-exec-1] o.s.web.servlet.DispatcherServlet        : Initializing Servlet 'dispatcherServlet'
2025-12-05T00:02:32.289-03:00  INFO [buy-zone-api,,] 21740 --- [buy-zone-api] [http-nio-8087-exec-1] o.s.web.servlet.DispatcherServlet        : Completed initialization in 2 ms
